<?xml version="1.0" encoding="UTF-8"?>
<testsuite xmlns:xsi="http://www.w3.org/2001/XMLSchema-instance" xsi:noNamespaceSchemaLocation="https://maven.apache.org/surefire/maven-surefire-plugin/xsd/surefire-test-report.xsd" name="Main.AppTest" time="0.094" tests="1" errors="0" skipped="0" failures="0">
  <properties>
    <property name="sun.desktop" value="gnome"/>
    <property name="awt.toolkit" value="sun.awt.X11.XToolkit"/>
    <property name="java.specification.version" value="11"/>
    <property name="sun.cpu.isalist" value=""/>
    <property name="sun.jnu.encoding" value="UTF-8"/>
    <property name="java.class.path" value="/home/eulmelk/Desktop/Tutor/Chess EulMelk/chesseulmelk/target/test-classes:/home/eulmelk/Desktop/Tutor/Chess EulMelk/chesseulmelk/target/classes:/home/eulmelk/.m2/repository/junit/junit/4.11/junit-4.11.jar:/home/eulmelk/.m2/repository/org/hamcrest/hamcrest-core/1.3/hamcrest-core-1.3.jar:/home/eulmelk/.m2/repository/org/apache/xmlgraphics/batik-all/1.16/batik-all-1.16.jar:/home/eulmelk/.m2/repository/xml-apis/xml-apis/1.4.01/xml-apis-1.4.01.jar:/home/eulmelk/.m2/repository/xml-apis/xml-apis-ext/1.3.04/xml-apis-ext-1.3.04.jar:/home/eulmelk/.m2/repository/org/apache/xmlgraphics/xmlgraphics-commons/2.7/xmlgraphics-commons-2.7.jar:/home/eulmelk/.m2/repository/commons-io/commons-io/1.3.1/commons-io-1.3.1.jar:/home/eulmelk/.m2/repository/commons-logging/commons-logging/1.0.4/commons-logging-1.0.4.jar:"/>
    <property name="java.vm.vendor" value="Ubuntu"/>
    <property name="sun.arch.data.model" value="64"/>
    <property name="java.vendor.url" value="https://ubuntu.com/"/>
    <property name="user.timezone" value=""/>
    <property name="java.vm.specification.version" value="11"/>
    <property name="os.name" value="Linux"/>
    <property name="sun.java.launcher" value="SUN_STANDARD"/>
    <property name="user.country" value="US"/>
    <property name="sun.boot.library.path" value="/usr/lib/jvm/java-11-openjdk-amd64/lib"/>
    <property name="sun.java.command" value="/home/eulmelk/Desktop/Tutor/Chess EulMelk/chesseulmelk/target/surefire/surefirebooter6931612339670881816.jar /home/eulmelk/Desktop/Tutor/Chess EulMelk/chesseulmelk/target/surefire 2023-06-30T19-52-03_291-jvmRun1 surefire9613057440953544383tmp surefire_08948624025782385252tmp"/>
    <property name="jdk.debug" value="release"/>
    <property name="surefire.test.class.path" value="/home/eulmelk/Desktop/Tutor/Chess EulMelk/chesseulmelk/target/test-classes:/home/eulmelk/Desktop/Tutor/Chess EulMelk/chesseulmelk/target/classes:/home/eulmelk/.m2/repository/junit/junit/4.11/junit-4.11.jar:/home/eulmelk/.m2/repository/org/hamcrest/hamcrest-core/1.3/hamcrest-core-1.3.jar:/home/eulmelk/.m2/repository/org/apache/xmlgraphics/batik-all/1.16/batik-all-1.16.jar:/home/eulmelk/.m2/repository/xml-apis/xml-apis/1.4.01/xml-apis-1.4.01.jar:/home/eulmelk/.m2/repository/xml-apis/xml-apis-ext/1.3.04/xml-apis-ext-1.3.04.jar:/home/eulmelk/.m2/repository/org/apache/xmlgraphics/xmlgraphics-commons/2.7/xmlgraphics-commons-2.7.jar:/home/eulmelk/.m2/repository/commons-io/commons-io/1.3.1/commons-io-1.3.1.jar:/home/eulmelk/.m2/repository/commons-logging/commons-logging/1.0.4/commons-logging-1.0.4.jar:"/>
    <property name="sun.cpu.endian" value="little"/>
    <property name="user.home" value="/home/eulmelk"/>
    <property name="user.language" value="en"/>
    <property name="java.specification.vendor" value="Oracle Corporation"/>
    <property name="java.version.date" value="2023-04-18"/>
    <property name="java.home" value="/usr/lib/jvm/java-11-openjdk-amd64"/>
    <property name="file.separator" value="/"/>
    <property name="basedir" value="/home/eulmelk/Desktop/Tutor/Chess EulMelk/chesseulmelk"/>
    <property name="java.vm.compressedOopsMode" value="32-bit"/>
    <property name="line.separator" value="&#10;"/>
    <property name="java.specification.name" value="Java Platform API Specification"/>
    <property name="java.vm.specification.vendor" value="Oracle Corporation"/>
    <property name="java.awt.graphicsenv" value="sun.awt.X11GraphicsEnvironment"/>
    <property name="surefire.real.class.path" value="/home/eulmelk/Desktop/Tutor/Chess EulMelk/chesseulmelk/target/surefire/surefirebooter6931612339670881816.jar"/>
    <property name="sun.management.compiler" value="HotSpot 64-Bit Tiered Compilers"/>
    <property name="java.runtime.version" value="11.0.19+7-post-Ubuntu-0ubuntu122.04.1"/>
    <property name="user.name" value="eulmelk"/>
    <property name="path.separator" value=":"/>
    <property name="os.version" value="5.19.0-46-generic"/>
    <property name="java.runtime.name" value="OpenJDK Runtime Environment"/>
    <property name="file.encoding" value="UTF-8"/>
    <property name="java.vm.name" value="OpenJDK 64-Bit Server VM"/>
    <property name="localRepository" value="/home/eulmelk/.m2/repository"/>
    <property name="java.vendor.url.bug" value="https://bugs.launchpad.net/ubuntu/+source/openjdk-lts"/>
    <property name="java.io.tmpdir" value="/tmp"/>
    <property name="java.version" value="11.0.19"/>
    <property name="user.dir" value="/home/eulmelk/Desktop/Tutor/Chess EulMelk/chesseulmelk"/>
    <property name="os.arch" value="amd64"/>
    <property name="java.vm.specification.name" value="Java Virtual Machine Specification"/>
    <property name="java.awt.printerjob" value="sun.print.PSPrinterJob"/>
    <property name="sun.os.patch.level" value="unknown"/>
    <property name="java.library.path" value="/usr/java/packages/lib:/usr/lib/x86_64-linux-gnu/jni:/lib/x86_64-linux-gnu:/usr/lib/x86_64-linux-gnu:/usr/lib/jni:/lib:/usr/lib"/>
    <property name="java.vm.info" value="mixed mode, sharing"/>
    <property name="java.vendor" value="Ubuntu"/>
    <property name="java.vm.version" value="11.0.19+7-post-Ubuntu-0ubuntu122.04.1"/>
    <property name="sun.io.unicode.encoding" value="UnicodeLittle"/>
    <property name="java.class.version" value="55.0"/>
  </properties>
  <testcase name="shouldAnswerWithTrue" classname="Main.AppTest" time="0.003"/>
</testsuite>